Running: /opt/Xilinx/14.6/ISE_DS/ISE/bin/lin64/unwrapped/fuse -intstyle ise -incremental -lib unisims_ver -lib unimacro_ver -lib xilinxcorelib_ver -o /home/csmajs/ksing014/tutorial/fulladder_tb_isim_beh.exe -prj /home/csmajs/ksing014/tutorial/fulladder_tb_beh.prj work.fulladder_tb work.glbl 
ISim P.68d (signature 0xfbc00daa)
Number of CPUs detected in this system: 8
Turning on mult-threading, number of parallel sub-compilation jobs: 16 
Determining compilation order of HDL files
Analyzing Verilog file "/home/csmajs/ksing014/tutorial/fulladder.v" into library work
Analyzing Verilog file "/home/csmajs/ksing014/tutorial/fulladder_tb.v" into library work
Analyzing Verilog file "/opt/Xilinx/14.6/ISE_DS/ISE//verilog/src/glbl.v" into library work
Starting static elaboration
Completed static elaboration
Fuse Memory Usage: 94628 KB
Fuse CPU Usage: 850 ms
Compiling module fulladder
Compiling module fulladder_tb
Compiling module glbl
Time Resolution for simulation is 1ps.
Waiting for 1 sub-compilation(s) to finish...
Compiled 3 Verilog Units
Built simulation executable /home/csmajs/ksing014/tutorial/fulladder_tb_isim_beh.exe
Fuse Memory Usage: 1179092 KB
Fuse CPU Usage: 860 ms
GCC CPU Usage: 200 ms
