ISim log file
Running: /home/csmajs/ksing014/Desktop/CS-161/cs161_lab1final/myalutb_isim_beh.exe -intstyle ise -gui -tclbatch isim.cmd -wdb /home/csmajs/ksing014/Desktop/CS-161/cs161_lab1final/myalutb_isim_beh.wdb 
INFO: There is another simulation running in the same directory. Using database file name isim2.wdb.
ISim P.68d (signature 0xfbc00daa)
----------------------------------------------------------------------
INFO:Security:50 - The XILINXD_LICENSE_FILE environment variable is set to '2100@elguapo.cs.ucr.edu'.
INFO:Security:53 - The LM_LICENSE_FILE environment variable is not set.
WARNING:Security:43 - No license file was found in the standard Xilinx license directory.
WARNING:Security:44 - Since no license file was found,
       please run the Xilinx License Configuration Manager
       (xlcm or "Manage Xilinx Licenses")
       to assist in obtaining a license.
WARNING:Security:42 - Your software subscription period has lapsed. Your current version of Xilinx tools will continue to function, but you no longer qualify for Xilinx software updates or new releases.


----------------------------------------------------------------------
This is a Full version of ISim.
Time resolution is 1 ps
# onerror resume
# wave add /
# run 1000 ns
Simulator is doing circuit initialization process.
Finished circuit initialization process.
TC01 Unsigned Add 
TC02 Unsigned Add 
TC03 Unsigned Add 
TC01 Unsigned Sub 
Result is right
TC02 Unsigned Sub 
TC03 Unsigned Sub 
TC01 Signed Add 
TC02 Signed Add 
TC03 Signed Add 
TC01 Signed Sub 
